CRITICAL - 2022-06-14 03:06:35 --> Undefined variable $data
in APPPATH\Views\backoffice\auth\login.php on line 8.
 1 APPPATH\Views\backoffice\auth\login.php(8): CodeIgniter\Debug\Exceptions->errorHandler(2, 'Undefined variable $data', 'APPPATH\\Views\\backoffice\\auth\\login.php', 8)
 2 SYSTEMPATH\View\View.php(213): include('APPPATH\\Views\\backoffice\\auth\\login.php')
 3 SYSTEMPATH\View\View.php(216): CodeIgniter\View\View->CodeIgniter\View\{closure}()
 4 SYSTEMPATH\Common.php(1135): CodeIgniter\View\View->render('backoffice/auth/login', [], true)
 5 APPPATH\Controllers\AdminLogin.php(12): view('backoffice/auth/login', [...])
 6 SYSTEMPATH\CodeIgniter.php(898): App\Controllers\AdminLogin->index()
 7 SYSTEMPATH\CodeIgniter.php(468): CodeIgniter\CodeIgniter->runController(Object(App\Controllers\AdminLogin))
 8 SYSTEMPATH\CodeIgniter.php(351): CodeIgniter\CodeIgniter->handleRequest(null, Object(Config\Cache), false)
 9 FCPATH\index.php(55): CodeIgniter\CodeIgniter->run()
10 SYSTEMPATH\Commands\Server\rewrite.php(43): require_once('FCPATH\\index.php')
CRITICAL - 2022-06-14 03:14:37 --> Invalid file: backoffice/auth/login_admin.php
in SYSTEMPATH\Exceptions\FrameworkException.php on line 33.
 1 SYSTEMPATH\View\View.php(201): CodeIgniter\Exceptions\FrameworkException::forInvalidFile('backoffice/auth/login_admin.php')
 2 SYSTEMPATH\Common.php(1135): CodeIgniter\View\View->render('backoffice/auth/login_admin', [], true)
 3 APPPATH\Controllers\AdminLogin.php(12): view('backoffice/auth/login_admin', [...])
 4 SYSTEMPATH\CodeIgniter.php(898): App\Controllers\AdminLogin->index()
 5 SYSTEMPATH\CodeIgniter.php(468): CodeIgniter\CodeIgniter->runController(Object(App\Controllers\AdminLogin))
 6 SYSTEMPATH\CodeIgniter.php(351): CodeIgniter\CodeIgniter->handleRequest(null, Object(Config\Cache), false)
 7 FCPATH\index.php(55): CodeIgniter\CodeIgniter->run()
 8 SYSTEMPATH\Commands\Server\rewrite.php(43): require_once('FCPATH\\index.php')
CRITICAL - 2022-06-14 03:19:46 --> The namespace delimiter is a backslash (\), not a slash (/). Route handler: \App\Controllers\Admin/Dashboard::index
in SYSTEMPATH\Router\Router.php on line 466.
 1 SYSTEMPATH\Router\Router.php(466): CodeIgniter\Router\Exceptions\RouterException::forInvalidControllerName('\\App\\Controllers\\Admin/Dashboard::index')
 2 SYSTEMPATH\Router\Router.php(181): CodeIgniter\Router\Router->checkRoutes('administrator')
 3 SYSTEMPATH\CodeIgniter.php(773): CodeIgniter\Router\Router->handle('administrator')
 4 SYSTEMPATH\CodeIgniter.php(417): CodeIgniter\CodeIgniter->tryToRouteIt(Object(CodeIgniter\Router\RouteCollection))
 5 SYSTEMPATH\CodeIgniter.php(351): CodeIgniter\CodeIgniter->handleRequest(null, Object(Config\Cache), false)
 6 FCPATH\index.php(55): CodeIgniter\CodeIgniter->run()
 7 SYSTEMPATH\Commands\Server\rewrite.php(43): require_once('FCPATH\\index.php')
